0 info it worked if it ends with ok
1 verbose cli [ '/usr/local/bin/node',
1 verbose cli   '/usr/local/bin/npm',
1 verbose cli   'install',
1 verbose cli   'express@4.13.2',
1 verbose cli   '--savenode',
1 verbose cli   'server.js' ]
2 info using npm@3.7.3
3 info using node@v5.8.0
4 silly loadCurrentTree Starting
5 silly install loadCurrentTree
6 silly install readLocalPackageData
7 silly fetchPackageMetaData express@4.13.2
8 silly fetchPackageMetaData server.js
9 silly fetchNamedPackageData express
10 silly mapToRegistry name express
11 silly mapToRegistry using default registry
12 silly mapToRegistry registry https://registry.npmjs.org/
13 silly mapToRegistry uri https://registry.npmjs.org/express
14 silly fetchOtherPackageData server.js
15 silly cache add args [ 'server.js', null ]
16 verbose cache add spec server.js
17 silly cache add parsed spec Result {
17 silly cache add   raw: 'server.js',
17 silly cache add   scope: null,
17 silly cache add   name: null,
17 silly cache add   rawSpec: 'server.js',
17 silly cache add   spec: '/Users/Melvin/Desktop/node-course/web-server/server.js',
17 silly cache add   type: 'local' }
18 silly addLocalTarball shasum (computed) eec1561604f8d14df3c2507ecfd7565b8a6cd3ab
19 verbose addTmpTarball /Users/Melvin/Desktop/node-course/web-server/server.js not in flight; adding
20 verbose correctMkdir /Users/Melvin/.npm correctMkdir not in flight; initializing
21 verbose request uri https://registry.npmjs.org/express
22 verbose request no auth needed
23 info attempt registry request try #1 at 12:55:11 PM
24 verbose request id 2426bbc581fcfba1
25 verbose etag "4FM1B6C5AAS3O0VX8Z3LTPA7M"
26 http request GET https://registry.npmjs.org/express
27 verbose addTmpTarball validating metadata from /Users/Melvin/Desktop/node-course/web-server/server.js
28 verbose tar unpack /Users/Melvin/Desktop/node-course/web-server/server.js
29 verbose tar unpacking to /var/folders/ms/7m39r5l155xcvbqg378r01300000gn/T/npm-56236-b83258f8/unpack-eb85383a
30 silly gentlyRm /var/folders/ms/7m39r5l155xcvbqg378r01300000gn/T/npm-56236-b83258f8/unpack-eb85383a is being purged
31 verbose gentlyRm don't care about contents; nuking /var/folders/ms/7m39r5l155xcvbqg378r01300000gn/T/npm-56236-b83258f8/unpack-eb85383a
32 silly gunzTarPerm modes [ '755', '644' ]
33 error not a package /Users/Melvin/Desktop/node-course/web-server/server.js
34 error addLocal Could not install /Users/Melvin/Desktop/node-course/web-server/server.js
35 silly fetchPackageMetaData Error: ENOENT: no such file or directory, open '/var/folders/ms/7m39r5l155xcvbqg378r01300000gn/T/npm-56236-b83258f8/unpack-eb85383a/package.json'
35 silly fetchPackageMetaData     at Error (native)
35 silly fetchPackageMetaData  error for server.js { [Error: ENOENT: no such file or directory, open '/var/folders/ms/7m39r5l155xcvbqg378r01300000gn/T/npm-56236-b83258f8/unpack-eb85383a/package.json']
35 silly fetchPackageMetaData   errno: -2,
35 silly fetchPackageMetaData   code: 'ENOENT',
35 silly fetchPackageMetaData   syscall: 'open',
35 silly fetchPackageMetaData   path: '/var/folders/ms/7m39r5l155xcvbqg378r01300000gn/T/npm-56236-b83258f8/unpack-eb85383a/package.json' }
36 http 304 https://registry.npmjs.org/express
37 verbose headers { date: 'Sat, 02 Apr 2016 11:55:11 GMT',
37 verbose headers   via: '1.1 varnish',
37 verbose headers   'cache-control': 'max-age=300',
37 verbose headers   etag: '"4FM1B6C5AAS3O0VX8Z3LTPA7M"',
37 verbose headers   age: '270',
37 verbose headers   connection: 'keep-alive',
37 verbose headers   'x-served-by': 'cache-lcy1128-LCY',
37 verbose headers   'x-cache': 'HIT',
37 verbose headers   'x-cache-hits': '2',
37 verbose headers   'x-timer': 'S1459598111.768043,VS0,VE0',
37 verbose headers   vary: 'Accept' }
38 silly get cb [ 304,
38 silly get   { date: 'Sat, 02 Apr 2016 11:55:11 GMT',
38 silly get     via: '1.1 varnish',
38 silly get     'cache-control': 'max-age=300',
38 silly get     etag: '"4FM1B6C5AAS3O0VX8Z3LTPA7M"',
38 silly get     age: '270',
38 silly get     connection: 'keep-alive',
38 silly get     'x-served-by': 'cache-lcy1128-LCY',
38 silly get     'x-cache': 'HIT',
38 silly get     'x-cache-hits': '2',
38 silly get     'x-timer': 'S1459598111.768043,VS0,VE0',
38 silly get     vary: 'Accept' } ]
39 verbose etag https://registry.npmjs.org/express from cache
40 verbose get saving express to /Users/Melvin/.npm/registry.npmjs.org/express/.cache.json
41 verbose correctMkdir /Users/Melvin/.npm correctMkdir not in flight; initializing
42 silly rollbackFailedOptional Starting
43 silly rollbackFailedOptional Finishing
44 silly runTopLevelLifecycles Starting
45 silly runTopLevelLifecycles Finishing
46 silly install printInstalled
47 verbose stack Error: ENOENT: no such file or directory, open '/var/folders/ms/7m39r5l155xcvbqg378r01300000gn/T/npm-56236-b83258f8/unpack-eb85383a/package.json'
47 verbose stack     at Error (native)
48 verbose cwd /Users/Melvin/Desktop/node-course/web-server
49 error Darwin 15.3.0
50 error argv "/usr/local/bin/node" "/usr/local/bin/npm" "install" "express@4.13.2" "--savenode" "server.js"
51 error node v5.8.0
52 error npm  v3.7.3
53 error path /var/folders/ms/7m39r5l155xcvbqg378r01300000gn/T/npm-56236-b83258f8/unpack-eb85383a/package.json
54 error code ENOENT
55 error errno -2
56 error syscall open
57 error enoent ENOENT: no such file or directory, open '/var/folders/ms/7m39r5l155xcvbqg378r01300000gn/T/npm-56236-b83258f8/unpack-eb85383a/package.json'
58 error enoent ENOENT: no such file or directory, open '/var/folders/ms/7m39r5l155xcvbqg378r01300000gn/T/npm-56236-b83258f8/unpack-eb85383a/package.json'
58 error enoent This is most likely not a problem with npm itself
58 error enoent and is related to npm not being able to find a file.
59 verbose exit [ -2, true ]
